<?xml version="1.0" encoding="UTF-8"?>
<!-- Generated by org.testng.reporters.JUnitReportReporter -->
<testsuite hostname="LAPTOP-4UCTG595" failures="0" tests="1" name="testCases.TC_001_HomePageTest" time="0.096" errors="0" timestamp="2024-09-14T16:00:08 JST" skipped="0">
  <testcase classname="testCases.TC_001_HomePageTest" name="verifyLogoIsDisplayed" time="0.096"/>
</testsuite> <!-- testCases.TC_001_HomePageTest -->
