<?xml version="1.0" encoding="UTF-8"?>
<!-- Generated by org.testng.reporters.JUnitReportReporter -->
<testsuite hostname="LAPTOP-4UCTG595" failures="0" tests="1" name="testCases.TC_002_AccountRegisterTest" time="6.779" errors="0" timestamp="2024-09-14T19:24:28 JST" skipped="0">
  <testcase classname="testCases.TC_002_AccountRegisterTest" name="verifySignUp" time="6.779"/>
</testsuite> <!-- testCases.TC_002_AccountRegisterTest -->
